
================================================================================
OPU Debug Log - Session started at 2025-12-24 11:21:15
================================================================================

[OPU] Logging active: opu.log
[PERSISTENCE] No saved state found at opu_state.json
[OPU] Initialized. Starting event loop...
[OPU] Microphone input enabled (low latency mode).
[OPU] Main loop running...

[MATURITY 0 - 1 SECOND] Abstraction | Maturity: 0
  Memory: L0=1 | L1=0 | L2=0 | L3=0 | L4=0 | L5=0 | L6=0 | L7=0
[PERSISTENCE] State saved to opu_state.json

[MATURITY 0 - 1 SECOND] Abstraction | Maturity: 0
  Memory: L0=2 | L1=0 | L2=0 | L3=0 | L4=0 | L5=0 | L6=0 | L7=0
[PERSISTENCE] State saved to opu_state.json

[MATURITY 0 - 1 SECOND] Abstraction | Maturity: 0
  Memory: L0=5 | L1=0 | L2=0 | L3=0 | L4=0 | L5=0 | L6=0 | L7=0
[PERSISTENCE] State saved to opu_state.json

[MATURITY 0 - 1 SECOND] Abstraction | Maturity: 0
  Memory: L0=8 | L1=0 | L2=0 | L3=0 | L4=0 | L5=0 | L6=0 | L7=0
[PERSISTENCE] State saved to opu_state.json

[MATURITY 0 - 1 SECOND] Abstraction | Maturity: 0
  Memory: L0=11 | L1=0 | L2=0 | L3=0 | L4=0 | L5=0 | L6=0 | L7=0
[PERSISTENCE] State saved to opu_state.json

[MATURITY 0 - 1 SECOND] Abstraction | Maturity: 0
  Memory: L0=15 | L1=0 | L2=0 | L3=0 | L4=0 | L5=0 | L6=0 | L7=0
[PERSISTENCE] State saved to opu_state.json

[MATURITY 0 - 1 SECOND] Abstraction | Maturity: 0
  Memory: L0=1 | L1=1 | L2=0 | L3=0 | L4=0 | L5=0 | L6=0 | L7=0
[PERSISTENCE] State saved to opu_state.json

[MATURITY 0 - 1 SECOND] Abstraction | Maturity: 0
  Memory: L0=5 | L1=1 | L2=0 | L3=0 | L4=0 | L5=0 | L6=0 | L7=0
[PERSISTENCE] State saved to opu_state.json

[MATURITY 0 - 1 SECOND] Abstraction | Maturity: 0
  Memory: L0=9 | L1=1 | L2=0 | L3=0 | L4=0 | L5=0 | L6=0 | L7=0
[PERSISTENCE] State saved to opu_state.json

[MATURITY 0 - 1 SECOND] Abstraction | Maturity: 0
  Memory: L0=13 | L1=1 | L2=0 | L3=0 | L4=0 | L5=0 | L6=0 | L7=0
[PERSISTENCE] State saved to opu_state.json

[MATURITY 0 - 1 SECOND] Abstraction | Maturity: 0
  Memory: L0=17 | L1=1 | L2=0 | L3=0 | L4=0 | L5=0 | L6=0 | L7=0
[PERSISTENCE] State saved to opu_state.json

[MATURITY 0 - 1 SECOND] Abstraction | Maturity: 0
  Memory: L0=1 | L1=2 | L2=0 | L3=0 | L4=0 | L5=0 | L6=0 | L7=0
[PERSISTENCE] State saved to opu_state.json

[MATURITY 0 - 1 SECOND] Abstraction | Maturity: 0
  Memory: L0=5 | L1=2 | L2=0 | L3=0 | L4=0 | L5=0 | L6=0 | L7=0
[PERSISTENCE] State saved to opu_state.json

[MATURITY 0 - 1 SECOND] Abstraction | Maturity: 0
  Memory: L0=9 | L1=2 | L2=0 | L3=0 | L4=0 | L5=0 | L6=0 | L7=0
[PERSISTENCE] State saved to opu_state.json

[MATURITY 0 - 1 SECOND] Abstraction | Maturity: 0
  Memory: L0=13 | L1=2 | L2=0 | L3=0 | L4=0 | L5=0 | L6=0 | L7=0
[PERSISTENCE] State saved to opu_state.json

[MATURITY 0 - 1 SECOND] Abstraction | Maturity: 0
  Memory: L0=17 | L1=2 | L2=0 | L3=0 | L4=0 | L5=0 | L6=0 | L7=0
[PERSISTENCE] State saved to opu_state.json

[MATURITY 0 - 1 SECOND] Abstraction | Maturity: 0
  Memory: L0=1 | L1=3 | L2=0 | L3=0 | L4=0 | L5=0 | L6=0 | L7=0
[PERSISTENCE] State saved to opu_state.json

[MATURITY 0 - 1 SECOND] Abstraction | Maturity: 0
  Memory: L0=5 | L1=3 | L2=0 | L3=0 | L4=0 | L5=0 | L6=0 | L7=0
[PERSISTENCE] State saved to opu_state.json

[MATURITY 0 - 1 SECOND] Abstraction | Maturity: 0
  Memory: L0=11 | L1=3 | L2=0 | L3=0 | L4=0 | L5=0 | L6=0 | L7=0
[PERSISTENCE] State saved to opu_state.json

[MATURITY 0 - 1 SECOND] Abstraction | Maturity: 0
  Memory: L0=15 | L1=3 | L2=0 | L3=0 | L4=0 | L5=0 | L6=0 | L7=0
[PERSISTENCE] State saved to opu_state.json

[MATURITY 0 - 1 SECOND] Abstraction | Maturity: 0
  Memory: L0=1 | L1=4 | L2=0 | L3=0 | L4=0 | L5=0 | L6=0 | L7=0
[PERSISTENCE] State saved to opu_state.json

[MATURITY 0 - 1 SECOND] Abstraction | Maturity: 0
  Memory: L0=7 | L1=4 | L2=0 | L3=0 | L4=0 | L5=0 | L6=0 | L7=0
[PERSISTENCE] State saved to opu_state.json

[MATURITY 0 - 1 SECOND] Abstraction | Maturity: 0
  Memory: L0=13 | L1=4 | L2=0 | L3=0 | L4=0 | L5=0 | L6=0 | L7=0
[PERSISTENCE] State saved to opu_state.json

[MATURITY 0 - 1 SECOND] Abstraction | Maturity: 0
  Memory: L0=3 | L1=5 | L2=0 | L3=0 | L4=0 | L5=0 | L6=0 | L7=0
[PERSISTENCE] State saved to opu_state.json

[MATURITY 0 - 1 SECOND] Abstraction | Maturity: 0
  Memory: L0=13 | L1=5 | L2=0 | L3=0 | L4=0 | L5=0 | L6=0 | L7=0
[PERSISTENCE] State saved to opu_state.json

[MATURITY 0 - 1 SECOND] Abstraction | Maturity: 0
  Memory: L0=3 | L1=6 | L2=0 | L3=0 | L4=0 | L5=0 | L6=0 | L7=0
[PERSISTENCE] State saved to opu_state.json

[MATURITY 0 - 1 SECOND] Abstraction | Maturity: 0
  Memory: L0=13 | L1=6 | L2=0 | L3=0 | L4=0 | L5=0 | L6=0 | L7=0
[PERSISTENCE] State saved to opu_state.json

[MATURITY 0 - 1 SECOND] Abstraction | Maturity: 0
  Memory: L0=3 | L1=7 | L2=0 | L3=0 | L4=0 | L5=0 | L6=0 | L7=0
[PERSISTENCE] State saved to opu_state.json
[GENESIS] Veto applied 50 times (Dissonance 1.219 > 1.0)

[MATURITY 0 - 1 SECOND] Abstraction | Maturity: 0
  Memory: L0=13 | L1=7 | L2=0 | L3=0 | L4=0 | L5=0 | L6=0 | L7=0
[PERSISTENCE] State saved to opu_state.json

[MATURITY 0 - 1 SECOND] Abstraction | Maturity: 0
  Memory: L0=3 | L1=8 | L2=0 | L3=0 | L4=0 | L5=0 | L6=0 | L7=0
[PERSISTENCE] State saved to opu_state.json

[MATURITY 0 - 1 SECOND] Abstraction | Maturity: 0
  Memory: L0=11 | L1=8 | L2=0 | L3=0 | L4=0 | L5=0 | L6=0 | L7=0
[PERSISTENCE] State saved to opu_state.json

[MATURITY 0 - 1 SECOND] Abstraction | Maturity: 0
  Memory: L0=19 | L1=8 | L2=0 | L3=0 | L4=0 | L5=0 | L6=0 | L7=0
[PERSISTENCE] State saved to opu_state.json

[MATURITY 0 - 1 SECOND] Abstraction | Maturity: 0
  Memory: L0=7 | L1=9 | L2=0 | L3=0 | L4=0 | L5=0 | L6=0 | L7=0
[PERSISTENCE] State saved to opu_state.json
[CYCLE 100] s_score: 0.00, maturity: 0.00

[MATURITY 0 - 1 SECOND] Abstraction | Maturity: 0
  Memory: L0=13 | L1=9 | L2=0 | L3=0 | L4=0 | L5=0 | L6=0 | L7=0
[PERSISTENCE] State saved to opu_state.json

[MATURITY 0 - 1 SECOND] Abstraction | Maturity: 0
  Memory: L0=19 | L1=9 | L2=0 | L3=0 | L4=0 | L5=0 | L6=0 | L7=0
[PERSISTENCE] State saved to opu_state.json

[MATURITY 0 - 1 SECOND] Abstraction | Maturity: 0
  Memory: L0=8 | L1=10 | L2=0 | L3=0 | L4=0 | L5=0 | L6=0 | L7=0
[PERSISTENCE] State saved to opu_state.json

[MATURITY 0 - 1 SECOND] Abstraction | Maturity: 0
  Memory: L0=17 | L1=10 | L2=0 | L3=0 | L4=0 | L5=0 | L6=0 | L7=0
[PERSISTENCE] State saved to opu_state.json
[PERSISTENCE] State saved to opu_state.json

[MATURITY 0 - 1 SECOND] Abstraction | Maturity: 0
  Memory: L0=5 | L1=11 | L2=0 | L3=0 | L4=0 | L5=0 | L6=0 | L7=0
[PERSISTENCE] State saved to opu_state.json

[MATURITY 0 - 1 SECOND] Abstraction | Maturity: 0
  Memory: L0=9 | L1=11 | L2=0 | L3=0 | L4=0 | L5=0 | L6=0 | L7=0
[PERSISTENCE] State saved to opu_state.json

[MATURITY 0 - 1 SECOND] Abstraction | Maturity: 0
  Memory: L0=15 | L1=11 | L2=0 | L3=0 | L4=0 | L5=0 | L6=0 | L7=0
[PERSISTENCE] State saved to opu_state.json

[MATURITY 0 - 1 SECOND] Abstraction | Maturity: 0
  Memory: L0=3 | L1=12 | L2=0 | L3=0 | L4=0 | L5=0 | L6=0 | L7=0
[PERSISTENCE] State saved to opu_state.json

[MATURITY 0 - 1 SECOND] Abstraction | Maturity: 0
  Memory: L0=13 | L1=12 | L2=0 | L3=0 | L4=0 | L5=0 | L6=0 | L7=0
[PERSISTENCE] State saved to opu_state.json

[MATURITY 0 - 1 SECOND] Abstraction | Maturity: 0
  Memory: L0=3 | L1=13 | L2=0 | L3=0 | L4=0 | L5=0 | L6=0 | L7=0
[PERSISTENCE] State saved to opu_state.json

[MATURITY 0 - 1 SECOND] Abstraction | Maturity: 0
  Memory: L0=13 | L1=13 | L2=0 | L3=0 | L4=0 | L5=0 | L6=0 | L7=0
[PERSISTENCE] State saved to opu_state.json

[MATURITY 0 - 1 SECOND] Abstraction | Maturity: 0
  Memory: L0=4 | L1=14 | L2=0 | L3=0 | L4=0 | L5=0 | L6=0 | L7=0
[PERSISTENCE] State saved to opu_state.json

[MATURITY 0 - 1 SECOND] Abstraction | Maturity: 0
  Memory: L0=11 | L1=14 | L2=0 | L3=0 | L4=0 | L5=0 | L6=0 | L7=0
[PERSISTENCE] State saved to opu_state.json

[MATURITY 0 - 1 SECOND] Abstraction | Maturity: 0
  Memory: L0=19 | L1=14 | L2=0 | L3=0 | L4=0 | L5=0 | L6=0 | L7=0
[PERSISTENCE] State saved to opu_state.json

[MATURITY 1 - 1 MINUTE] Abstraction | Maturity: 0
  Memory: L0=19 | L1=14 | L2=0 | L3=0 | L4=0 | L5=0 | L6=0 | L7=0
[PERSISTENCE] State saved to opu_state.json

[MATURITY 0 - 1 SECOND] Abstraction | Maturity: 0
  Memory: L0=8 | L1=15 | L2=0 | L3=0 | L4=0 | L5=0 | L6=0 | L7=0
[PERSISTENCE] State saved to opu_state.json

[MATURITY 0 - 1 SECOND] Abstraction | Maturity: 0
  Memory: L0=16 | L1=15 | L2=0 | L3=0 | L4=0 | L5=0 | L6=0 | L7=0
[PERSISTENCE] State saved to opu_state.json

[MATURITY 0 - 1 SECOND] Abstraction | Maturity: 0
  Memory: L0=4 | L1=16 | L2=0 | L3=0 | L4=0 | L5=0 | L6=0 | L7=0
[PERSISTENCE] State saved to opu_state.json

[MATURITY 0 - 1 SECOND] Abstraction | Maturity: 0
  Memory: L0=10 | L1=16 | L2=0 | L3=0 | L4=0 | L5=0 | L6=0 | L7=0
[PERSISTENCE] State saved to opu_state.json
[PERSISTENCE] State saved to opu_state.json

[MATURITY 0 - 1 SECOND] Abstraction | Maturity: 0
  Memory: L0=8 | L1=17 | L2=0 | L3=0 | L4=0 | L5=0 | L6=0 | L7=0
[PERSISTENCE] State saved to opu_state.json

[MATURITY 0 - 1 SECOND] Abstraction | Maturity: 0
  Memory: L0=12 | L1=17 | L2=0 | L3=0 | L4=0 | L5=0 | L6=0 | L7=0
[PERSISTENCE] State saved to opu_state.json

[MATURITY 0 - 1 SECOND] Abstraction | Maturity: 0
  Memory: L0=16 | L1=17 | L2=0 | L3=0 | L4=0 | L5=0 | L6=0 | L7=0
[PERSISTENCE] State saved to opu_state.json
[CYCLE 200] s_score: 0.00, maturity: 0.00

[MATURITY 0 - 1 SECOND] Abstraction | Maturity: 0
  Memory: L0=19 | L1=17 | L2=0 | L3=0 | L4=0 | L5=0 | L6=0 | L7=0
[PERSISTENCE] State saved to opu_state.json

[MATURITY 0 - 1 SECOND] Abstraction | Maturity: 0
  Memory: L0=2 | L1=18 | L2=0 | L3=0 | L4=0 | L5=0 | L6=0 | L7=0
[PERSISTENCE] State saved to opu_state.json

[MATURITY 0 - 1 SECOND] Abstraction | Maturity: 0
  Memory: L0=5 | L1=18 | L2=0 | L3=0 | L4=0 | L5=0 | L6=0 | L7=0
[PERSISTENCE] State saved to opu_state.json

[MATURITY 0 - 1 SECOND] Abstraction | Maturity: 0
  Memory: L0=7 | L1=18 | L2=0 | L3=0 | L4=0 | L5=0 | L6=0 | L7=0
[PERSISTENCE] State saved to opu_state.json

[MATURITY 0 - 1 SECOND] Abstraction | Maturity: 0
  Memory: L0=10 | L1=18 | L2=0 | L3=0 | L4=0 | L5=0 | L6=0 | L7=0
[PERSISTENCE] State saved to opu_state.json

[MATURITY 0 - 1 SECOND] Abstraction | Maturity: 0
  Memory: L0=13 | L1=18 | L2=0 | L3=0 | L4=0 | L5=0 | L6=0 | L7=0
[PERSISTENCE] State saved to opu_state.json

[MATURITY 0 - 1 SECOND] Abstraction | Maturity: 0
  Memory: L0=16 | L1=18 | L2=0 | L3=0 | L4=0 | L5=0 | L6=0 | L7=0
[PERSISTENCE] State saved to opu_state.json
[PERSISTENCE] State saved to opu_state.json

[MATURITY 0 - 1 SECOND] Abstraction | Maturity: 0
  Memory: L0=6 | L1=19 | L2=0 | L3=0 | L4=0 | L5=0 | L6=0 | L7=0
[PERSISTENCE] State saved to opu_state.json

[MATURITY 0 - 1 SECOND] Abstraction | Maturity: 0
  Memory: L0=13 | L1=19 | L2=0 | L3=0 | L4=0 | L5=0 | L6=0 | L7=0
[PERSISTENCE] State saved to opu_state.json

[MATURITY 0 - 1 SECOND] Abstraction | Maturity: 0
  Memory: L0=18 | L1=19 | L2=0 | L3=0 | L4=0 | L5=0 | L6=0 | L7=0
[PERSISTENCE] State saved to opu_state.json

[MATURITY 0 - 1 SECOND] Abstraction | Maturity: 0
  Memory: L0=6 | L1=20 | L2=0 | L3=0 | L4=0 | L5=0 | L6=0 | L7=0
[PERSISTENCE] State saved to opu_state.json

[MATURITY 0 - 1 SECOND] Abstraction | Maturity: 0
  Memory: L0=12 | L1=20 | L2=0 | L3=0 | L4=0 | L5=0 | L6=0 | L7=0
[PERSISTENCE] State saved to opu_state.json

[MATURITY 0 - 1 SECOND] Abstraction | Maturity: 0
  Memory: L0=1 | L1=21 | L2=0 | L3=0 | L4=0 | L5=0 | L6=0 | L7=0
[PERSISTENCE] State saved to opu_state.json

[MATURITY 0 - 1 SECOND] Abstraction | Maturity: 0
  Memory: L0=7 | L1=21 | L2=0 | L3=0 | L4=0 | L5=0 | L6=0 | L7=0
[PERSISTENCE] State saved to opu_state.json

[MATURITY 0 - 1 SECOND] Abstraction | Maturity: 0
  Memory: L0=12 | L1=21 | L2=0 | L3=0 | L4=0 | L5=0 | L6=0 | L7=0
[PERSISTENCE] State saved to opu_state.json

[MATURITY 0 - 1 SECOND] Abstraction | Maturity: 0
  Memory: L0=17 | L1=21 | L2=0 | L3=0 | L4=0 | L5=0 | L6=0 | L7=0
[PERSISTENCE] State saved to opu_state.json

[MATURITY 0 - 1 SECOND] Abstraction | Maturity: 0
  Memory: L0=5 | L1=22 | L2=0 | L3=0 | L4=0 | L5=0 | L6=0 | L7=0
[PERSISTENCE] State saved to opu_state.json

[MATURITY 0 - 1 SECOND] Abstraction | Maturity: 0
  Memory: L0=14 | L1=22 | L2=0 | L3=0 | L4=0 | L5=0 | L6=0 | L7=0
[PERSISTENCE] State saved to opu_state.json

[MATURITY 0 - 1 SECOND] Abstraction | Maturity: 0
  Memory: L0=2 | L1=23 | L2=0 | L3=0 | L4=0 | L5=0 | L6=0 | L7=0
[PERSISTENCE] State saved to opu_state.json

[MATURITY 0 - 1 SECOND] Abstraction | Maturity: 0
  Memory: L0=10 | L1=23 | L2=0 | L3=0 | L4=0 | L5=0 | L6=0 | L7=0
[PERSISTENCE] State saved to opu_state.json

[MATURITY 0 - 1 SECOND] Abstraction | Maturity: 0
  Memory: L0=16 | L1=23 | L2=0 | L3=0 | L4=0 | L5=0 | L6=0 | L7=0
[PERSISTENCE] State saved to opu_state.json

[MATURITY 0 - 1 SECOND] Abstraction | Maturity: 0
  Memory: L0=2 | L1=24 | L2=0 | L3=0 | L4=0 | L5=0 | L6=0 | L7=0
[PERSISTENCE] State saved to opu_state.json

[MATURITY 0 - 1 SECOND] Abstraction | Maturity: 0
  Memory: L0=8 | L1=24 | L2=0 | L3=0 | L4=0 | L5=0 | L6=0 | L7=0
[PERSISTENCE] State saved to opu_state.json

[MATURITY 0 - 1 SECOND] Abstraction | Maturity: 0
  Memory: L0=14 | L1=24 | L2=0 | L3=0 | L4=0 | L5=0 | L6=0 | L7=0
[PERSISTENCE] State saved to opu_state.json
[GENESIS] Veto applied 100 times (Dissonance 3.200 > 1.0)
[CYCLE 300] s_score: 0.00, maturity: 0.00
[PERSISTENCE] State saved to opu_state.json

[MATURITY 0 - 1 SECOND] Abstraction | Maturity: 0
  Memory: L0=6 | L1=25 | L2=0 | L3=0 | L4=0 | L5=0 | L6=0 | L7=0
[PERSISTENCE] State saved to opu_state.json

[MATURITY 0 - 1 SECOND] Abstraction | Maturity: 0
  Memory: L0=12 | L1=25 | L2=0 | L3=0 | L4=0 | L5=0 | L6=0 | L7=0
[PERSISTENCE] State saved to opu_state.json
[PERSISTENCE] State saved to opu_state.json

[MATURITY 0 - 1 SECOND] Abstraction | Maturity: 0
  Memory: L0=8 | L1=26 | L2=0 | L3=0 | L4=0 | L5=0 | L6=0 | L7=0
[PERSISTENCE] State saved to opu_state.json

[OPU] Shutting down...
[OPU] Saving state...
[PERSISTENCE] State saved to opu_state.json
[VISION] Visual Cortex cleaned up.

================================================================================
OPU Debug Log - Session ended at 2025-12-24 11:23:00
================================================================================


================================================================================
OPU Debug Log - Session started at 2025-12-24 11:51:19
================================================================================

[OPU] Logging active: opu.log
[PERSISTENCE] State loaded from opu_state.json
  Maturity Level: 0 | Index: 0.00
  Memory: L0=12 | L1=26 | L2=0 | L3=0 | L4=0 | L5=0 | L6=0 | L7=0
  Phonemes: 0
  Emotions: 88 detected emotions
  Day: 0
  Abstraction Timers: Restored for 8 levels
[OPU] Initialized. Starting event loop...
[OPU] Microphone input enabled (low latency mode).
[OPU] Main loop running...

[MATURITY 0 - 1 SECOND] Abstraction | Maturity: 0
  Memory: L0=13 | L1=26 | L2=0 | L3=0 | L4=0 | L5=0 | L6=0 | L7=0
[PERSISTENCE] State saved to opu_state.json

[MATURITY 1 - 1 MINUTE] Abstraction | Maturity: 0
  Memory: L0=13 | L1=26 | L2=0 | L3=0 | L4=0 | L5=0 | L6=0 | L7=0
[PERSISTENCE] State saved to opu_state.json

[MATURITY 0 - 1 SECOND] Abstraction | Maturity: 0
  Memory: L0=15 | L1=26 | L2=0 | L3=0 | L4=0 | L5=0 | L6=0 | L7=0
[PERSISTENCE] State saved to opu_state.json

[MATURITY 0 - 1 SECOND] Abstraction | Maturity: 0
  Memory: L0=16 | L1=26 | L2=0 | L3=0 | L4=0 | L5=0 | L6=0 | L7=0
[PERSISTENCE] State saved to opu_state.json

[MATURITY 0 - 1 SECOND] Abstraction | Maturity: 0
  Memory: L0=18 | L1=26 | L2=0 | L3=0 | L4=0 | L5=0 | L6=0 | L7=0
[PERSISTENCE] State saved to opu_state.json
[PERSISTENCE] State saved to opu_state.json

[MATURITY 0 - 1 SECOND] Abstraction | Maturity: 0
  Memory: L0=3 | L1=27 | L2=0 | L3=0 | L4=0 | L5=0 | L6=0 | L7=0
[PERSISTENCE] State saved to opu_state.json

[MATURITY 0 - 1 SECOND] Abstraction | Maturity: 0
  Memory: L0=7 | L1=27 | L2=0 | L3=0 | L4=0 | L5=0 | L6=0 | L7=0
[PERSISTENCE] State saved to opu_state.json

[MATURITY 0 - 1 SECOND] Abstraction | Maturity: 0
  Memory: L0=13 | L1=27 | L2=0 | L3=0 | L4=0 | L5=0 | L6=0 | L7=0
[PERSISTENCE] State saved to opu_state.json

[MATURITY 0 - 1 SECOND] Abstraction | Maturity: 0
  Memory: L0=17 | L1=27 | L2=0 | L3=0 | L4=0 | L5=0 | L6=0 | L7=0
[PERSISTENCE] State saved to opu_state.json

[MATURITY 0 - 1 SECOND] Abstraction | Maturity: 0
  Memory: L0=1 | L1=28 | L2=0 | L3=0 | L4=0 | L5=0 | L6=0 | L7=0
[PERSISTENCE] State saved to opu_state.json

[MATURITY 0 - 1 SECOND] Abstraction | Maturity: 0
  Memory: L0=7 | L1=28 | L2=0 | L3=0 | L4=0 | L5=0 | L6=0 | L7=0
[PERSISTENCE] State saved to opu_state.json

[MATURITY 0 - 1 SECOND] Abstraction | Maturity: 0
  Memory: L0=11 | L1=28 | L2=0 | L3=0 | L4=0 | L5=0 | L6=0 | L7=0
[PERSISTENCE] State saved to opu_state.json

[MATURITY 0 - 1 SECOND] Abstraction | Maturity: 0
  Memory: L0=17 | L1=28 | L2=0 | L3=0 | L4=0 | L5=0 | L6=0 | L7=0
[PERSISTENCE] State saved to opu_state.json

[MATURITY 0 - 1 SECOND] Abstraction | Maturity: 0
  Memory: L0=3 | L1=29 | L2=0 | L3=0 | L4=0 | L5=0 | L6=0 | L7=0
[PERSISTENCE] State saved to opu_state.json

[MATURITY 0 - 1 SECOND] Abstraction | Maturity: 0
  Memory: L0=11 | L1=29 | L2=0 | L3=0 | L4=0 | L5=0 | L6=0 | L7=0
[PERSISTENCE] State saved to opu_state.json

[MATURITY 0 - 1 SECOND] Abstraction | Maturity: 0
  Memory: L0=19 | L1=29 | L2=0 | L3=0 | L4=0 | L5=0 | L6=0 | L7=0
[PERSISTENCE] State saved to opu_state.json

[MATURITY 0 - 1 SECOND] Abstraction | Maturity: 0
  Memory: L0=6 | L1=30 | L2=0 | L3=0 | L4=0 | L5=0 | L6=0 | L7=0
[PERSISTENCE] State saved to opu_state.json

[MATURITY 0 - 1 SECOND] Abstraction | Maturity: 0
  Memory: L0=14 | L1=30 | L2=0 | L3=0 | L4=0 | L5=0 | L6=0 | L7=0
[PERSISTENCE] State saved to opu_state.json
[PERSISTENCE] State saved to opu_state.json

[MATURITY 0 - 1 SECOND] Abstraction | Maturity: 0
  Memory: L0=8 | L1=31 | L2=0 | L3=0 | L4=0 | L5=0 | L6=0 | L7=0
[PERSISTENCE] State saved to opu_state.json

[MATURITY 0 - 1 SECOND] Abstraction | Maturity: 0
  Memory: L0=14 | L1=31 | L2=0 | L3=0 | L4=0 | L5=0 | L6=0 | L7=0
[PERSISTENCE] State saved to opu_state.json

[MATURITY 0 - 1 SECOND] Abstraction | Maturity: 0
  Memory: L0=2 | L1=32 | L2=0 | L3=0 | L4=0 | L5=0 | L6=0 | L7=0
[PERSISTENCE] State saved to opu_state.json

[MATURITY 0 - 1 SECOND] Abstraction | Maturity: 0
  Memory: L0=8 | L1=32 | L2=0 | L3=0 | L4=0 | L5=0 | L6=0 | L7=0
[PERSISTENCE] State saved to opu_state.json

[MATURITY 0 - 1 SECOND] Abstraction | Maturity: 0
  Memory: L0=14 | L1=32 | L2=0 | L3=0 | L4=0 | L5=0 | L6=0 | L7=0
[PERSISTENCE] State saved to opu_state.json
[PERSISTENCE] State saved to opu_state.json

[MATURITY 0 - 1 SECOND] Abstraction | Maturity: 0
  Memory: L0=6 | L1=33 | L2=0 | L3=0 | L4=0 | L5=0 | L6=0 | L7=0
[PERSISTENCE] State saved to opu_state.json

[MATURITY 0 - 1 SECOND] Abstraction | Maturity: 0
  Memory: L0=12 | L1=33 | L2=0 | L3=0 | L4=0 | L5=0 | L6=0 | L7=0
[PERSISTENCE] State saved to opu_state.json

[MATURITY 0 - 1 SECOND] Abstraction | Maturity: 0
  Memory: L0=18 | L1=33 | L2=0 | L3=0 | L4=0 | L5=0 | L6=0 | L7=0
[PERSISTENCE] State saved to opu_state.json

[MATURITY 0 - 1 SECOND] Abstraction | Maturity: 0
  Memory: L0=2 | L1=34 | L2=0 | L3=0 | L4=0 | L5=0 | L6=0 | L7=0
[PERSISTENCE] State saved to opu_state.json

[MATURITY 0 - 1 SECOND] Abstraction | Maturity: 0
  Memory: L0=8 | L1=34 | L2=0 | L3=0 | L4=0 | L5=0 | L6=0 | L7=0
[PERSISTENCE] State saved to opu_state.json

[MATURITY 0 - 1 SECOND] Abstraction | Maturity: 0
  Memory: L0=16 | L1=34 | L2=0 | L3=0 | L4=0 | L5=0 | L6=0 | L7=0
[PERSISTENCE] State saved to opu_state.json

[MATURITY 0 - 1 SECOND] Abstraction | Maturity: 0
  Memory: L0=2 | L1=35 | L2=0 | L3=0 | L4=0 | L5=0 | L6=0 | L7=0
[PERSISTENCE] State saved to opu_state.json

[MATURITY 0 - 1 SECOND] Abstraction | Maturity: 0
  Memory: L0=8 | L1=35 | L2=0 | L3=0 | L4=0 | L5=0 | L6=0 | L7=0
[PERSISTENCE] State saved to opu_state.json

[MATURITY 0 - 1 SECOND] Abstraction | Maturity: 0
  Memory: L0=12 | L1=35 | L2=0 | L3=0 | L4=0 | L5=0 | L6=0 | L7=0
[PERSISTENCE] State saved to opu_state.json

[MATURITY 0 - 1 SECOND] Abstraction | Maturity: 0
  Memory: L0=16 | L1=35 | L2=0 | L3=0 | L4=0 | L5=0 | L6=0 | L7=0
[PERSISTENCE] State saved to opu_state.json

[MATURITY 0 - 1 SECOND] Abstraction | Maturity: 0
  Memory: L0=2 | L1=36 | L2=0 | L3=0 | L4=0 | L5=0 | L6=0 | L7=0
[PERSISTENCE] State saved to opu_state.json
[CYCLE 100] s_score: 0.00, maturity: 0.00
[GENESIS] Veto applied 50 times (Dissonance 2.508 > 1.0)

[MATURITY 0 - 1 SECOND] Abstraction | Maturity: 0
  Memory: L0=6 | L1=36 | L2=0 | L3=0 | L4=0 | L5=0 | L6=0 | L7=0
[PERSISTENCE] State saved to opu_state.json

[MATURITY 0 - 1 SECOND] Abstraction | Maturity: 0
  Memory: L0=14 | L1=36 | L2=0 | L3=0 | L4=0 | L5=0 | L6=0 | L7=0
[PERSISTENCE] State saved to opu_state.json

[MATURITY 0 - 1 SECOND] Abstraction | Maturity: 0
  Memory: L0=2 | L1=37 | L2=0 | L3=0 | L4=0 | L5=0 | L6=0 | L7=0
[PERSISTENCE] State saved to opu_state.json

[MATURITY 0 - 1 SECOND] Abstraction | Maturity: 0
  Memory: L0=10 | L1=37 | L2=0 | L3=0 | L4=0 | L5=0 | L6=0 | L7=0
[PERSISTENCE] State saved to opu_state.json

[MATURITY 0 - 1 SECOND] Abstraction | Maturity: 0
  Memory: L0=18 | L1=37 | L2=0 | L3=0 | L4=0 | L5=0 | L6=0 | L7=0
[PERSISTENCE] State saved to opu_state.json

[MATURITY 0 - 1 SECOND] Abstraction | Maturity: 0
  Memory: L0=6 | L1=38 | L2=0 | L3=0 | L4=0 | L5=0 | L6=0 | L7=0
[PERSISTENCE] State saved to opu_state.json

[MATURITY 0 - 1 SECOND] Abstraction | Maturity: 0
  Memory: L0=10 | L1=38 | L2=0 | L3=0 | L4=0 | L5=0 | L6=0 | L7=0
[PERSISTENCE] State saved to opu_state.json

[MATURITY 0 - 1 SECOND] Abstraction | Maturity: 0
  Memory: L0=14 | L1=38 | L2=0 | L3=0 | L4=0 | L5=0 | L6=0 | L7=0
[PERSISTENCE] State saved to opu_state.json
[PERSISTENCE] State saved to opu_state.json

[MATURITY 0 - 1 SECOND] Abstraction | Maturity: 0
  Memory: L0=8 | L1=39 | L2=0 | L3=0 | L4=0 | L5=0 | L6=0 | L7=0
[PERSISTENCE] State saved to opu_state.json

[MATURITY 0 - 1 SECOND] Abstraction | Maturity: 0
  Memory: L0=16 | L1=39 | L2=0 | L3=0 | L4=0 | L5=0 | L6=0 | L7=0
[PERSISTENCE] State saved to opu_state.json

[MATURITY 0 - 1 SECOND] Abstraction | Maturity: 0
  Memory: L0=2 | L1=40 | L2=0 | L3=0 | L4=0 | L5=0 | L6=0 | L7=0
[PERSISTENCE] State saved to opu_state.json

[MATURITY 0 - 1 SECOND] Abstraction | Maturity: 0
  Memory: L0=8 | L1=40 | L2=0 | L3=0 | L4=0 | L5=0 | L6=0 | L7=0
[PERSISTENCE] State saved to opu_state.json

[MATURITY 0 - 1 SECOND] Abstraction | Maturity: 0
  Memory: L0=14 | L1=40 | L2=0 | L3=0 | L4=0 | L5=0 | L6=0 | L7=0
[PERSISTENCE] State saved to opu_state.json

[MATURITY 1 - 1 MINUTE] Abstraction | Maturity: 0
  Memory: L0=14 | L1=40 | L2=0 | L3=0 | L4=0 | L5=0 | L6=0 | L7=0
[PERSISTENCE] State saved to opu_state.json

[MATURITY 0 - 1 SECOND] Abstraction | Maturity: 0
  Memory: L0=18 | L1=40 | L2=0 | L3=0 | L4=0 | L5=0 | L6=0 | L7=0
[PERSISTENCE] State saved to opu_state.json

[MATURITY 0 - 1 SECOND] Abstraction | Maturity: 0
  Memory: L0=4 | L1=41 | L2=0 | L3=0 | L4=0 | L5=0 | L6=0 | L7=0
[PERSISTENCE] State saved to opu_state.json

[MATURITY 0 - 1 SECOND] Abstraction | Maturity: 0
  Memory: L0=12 | L1=41 | L2=0 | L3=0 | L4=0 | L5=0 | L6=0 | L7=0
[PERSISTENCE] State saved to opu_state.json

[MATURITY 0 - 1 SECOND] Abstraction | Maturity: 0
  Memory: L0=16 | L1=41 | L2=0 | L3=0 | L4=0 | L5=0 | L6=0 | L7=0
[PERSISTENCE] State saved to opu_state.json
[GENESIS] Veto applied 100 times (Dissonance 2.189 > 1.0)
[PERSISTENCE] State saved to opu_state.json

[MATURITY 0 - 1 SECOND] Abstraction | Maturity: 0
  Memory: L0=8 | L1=42 | L2=0 | L3=0 | L4=0 | L5=0 | L6=0 | L7=0
[PERSISTENCE] State saved to opu_state.json

[MATURITY 0 - 1 SECOND] Abstraction | Maturity: 0
  Memory: L0=14 | L1=42 | L2=0 | L3=0 | L4=0 | L5=0 | L6=0 | L7=0
[PERSISTENCE] State saved to opu_state.json

[MATURITY 0 - 1 SECOND] Abstraction | Maturity: 0
  Memory: L0=2 | L1=43 | L2=0 | L3=0 | L4=0 | L5=0 | L6=0 | L7=0
[PERSISTENCE] State saved to opu_state.json

[MATURITY 0 - 1 SECOND] Abstraction | Maturity: 0
  Memory: L0=10 | L1=43 | L2=0 | L3=0 | L4=0 | L5=0 | L6=0 | L7=0
[PERSISTENCE] State saved to opu_state.json

[MATURITY 0 - 1 SECOND] Abstraction | Maturity: 0
  Memory: L0=16 | L1=43 | L2=0 | L3=0 | L4=0 | L5=0 | L6=0 | L7=0
[PERSISTENCE] State saved to opu_state.json

[MATURITY 0 - 1 SECOND] Abstraction | Maturity: 0
  Memory: L0=2 | L1=44 | L2=0 | L3=0 | L4=0 | L5=0 | L6=0 | L7=0
[PERSISTENCE] State saved to opu_state.json

[MATURITY 0 - 1 SECOND] Abstraction | Maturity: 0
  Memory: L0=10 | L1=44 | L2=0 | L3=0 | L4=0 | L5=0 | L6=0 | L7=0
[PERSISTENCE] State saved to opu_state.json

[MATURITY 0 - 1 SECOND] Abstraction | Maturity: 0
  Memory: L0=16 | L1=44 | L2=0 | L3=0 | L4=0 | L5=0 | L6=0 | L7=0
[PERSISTENCE] State saved to opu_state.json

[MATURITY 0 - 1 SECOND] Abstraction | Maturity: 0
  Memory: L0=4 | L1=45 | L2=0 | L3=0 | L4=0 | L5=0 | L6=0 | L7=0
[PERSISTENCE] State saved to opu_state.json

[MATURITY 0 - 1 SECOND] Abstraction | Maturity: 0
  Memory: L0=10 | L1=45 | L2=0 | L3=0 | L4=0 | L5=0 | L6=0 | L7=0
[PERSISTENCE] State saved to opu_state.json
